0 info it worked if it ends with ok
1 verbose cli [ 'node', '/usr/local/bin/npm', 'install', '-g', 'firebase-too' ]
2 info using npm@1.4.28
3 info using node@v0.10.34
4 verbose cache add [ 'firebase-too', null ]
5 verbose cache add name=undefined spec="firebase-too" args=["firebase-too",null]
6 verbose parsed url { protocol: null,
6 verbose parsed url   slashes: null,
6 verbose parsed url   auth: null,
6 verbose parsed url   host: null,
6 verbose parsed url   port: null,
6 verbose parsed url   hostname: null,
6 verbose parsed url   hash: null,
6 verbose parsed url   search: null,
6 verbose parsed url   query: null,
6 verbose parsed url   pathname: 'firebase-too',
6 verbose parsed url   path: 'firebase-too',
6 verbose parsed url   href: 'firebase-too' }
7 silly lockFile 4a42b07d-firebase-too firebase-too
8 verbose lock firebase-too /Users/rohan/.npm/4a42b07d-firebase-too.lock
9 silly lockFile 4a42b07d-firebase-too firebase-too
10 silly lockFile 4a42b07d-firebase-too firebase-too
11 verbose addNamed [ 'firebase-too', '' ]
12 verbose addNamed [ null, '*' ]
13 silly lockFile b975465d-firebase-too firebase-too@
14 verbose lock firebase-too@ /Users/rohan/.npm/b975465d-firebase-too.lock
15 silly addNameRange { name: 'firebase-too', range: '*', hasData: false }
16 verbose request where is /firebase-too
17 verbose request registry https://registry.npmjs.org/
18 verbose request id 49462b73095c24ec
19 verbose url raw /firebase-too
20 verbose url resolving [ 'https://registry.npmjs.org/', './firebase-too' ]
21 verbose url resolved https://registry.npmjs.org/firebase-too
22 verbose request where is https://registry.npmjs.org/firebase-too
23 info trying registry request attempt 1 at 15:57:01
24 http GET https://registry.npmjs.org/firebase-too
25 http 404 https://registry.npmjs.org/firebase-too
26 verbose headers { date: 'Mon, 22 Dec 2014 23:57:02 GMT',
26 verbose headers   server: 'CouchDB/1.5.0 (Erlang OTP/R16B03)',
26 verbose headers   'content-type': 'application/json',
26 verbose headers   'cache-control': 'max-age=0',
26 verbose headers   'content-length': '52',
26 verbose headers   'accept-ranges': 'bytes',
26 verbose headers   via: '1.1 varnish',
26 verbose headers   age: '0',
26 verbose headers   'x-served-by': 'cache-lax1432-LAX',
26 verbose headers   'x-cache': 'MISS',
26 verbose headers   'x-cache-hits': '0',
26 verbose headers   'x-timer': 'S1419292622.200503,VS0,VE42',
26 verbose headers   'keep-alive': 'timeout=10, max=50',
26 verbose headers   connection: 'Keep-Alive' }
27 silly registry.get cb [ 404,
27 silly registry.get   { date: 'Mon, 22 Dec 2014 23:57:02 GMT',
27 silly registry.get     server: 'CouchDB/1.5.0 (Erlang OTP/R16B03)',
27 silly registry.get     'content-type': 'application/json',
27 silly registry.get     'cache-control': 'max-age=0',
27 silly registry.get     'content-length': '52',
27 silly registry.get     'accept-ranges': 'bytes',
27 silly registry.get     via: '1.1 varnish',
27 silly registry.get     age: '0',
27 silly registry.get     'x-served-by': 'cache-lax1432-LAX',
27 silly registry.get     'x-cache': 'MISS',
27 silly registry.get     'x-cache-hits': '0',
27 silly registry.get     'x-timer': 'S1419292622.200503,VS0,VE42',
27 silly registry.get     'keep-alive': 'timeout=10, max=50',
27 silly registry.get     connection: 'Keep-Alive' } ]
28 silly lockFile b975465d-firebase-too firebase-too@
29 silly lockFile b975465d-firebase-too firebase-too@
30 error 404 404 Not Found: firebase-too
30 error 404
30 error 404 'firebase-too' is not in the npm registry.
30 error 404 You should bug the author to publish it
30 error 404
30 error 404 Note that you can also install from a
30 error 404 tarball, folder, or http url, or git url.
31 error System Darwin 13.4.0
32 error command "node" "/usr/local/bin/npm" "install" "-g" "firebase-too"
33 error cwd /Users/rohan/Desktop/Battle-Helper
34 error node -v v0.10.34
35 error npm -v 1.4.28
36 error code E404
37 verbose exit [ 1, true ]
